GAS LISTING /tmp/cc7lYF01.s 			page 1


   1              		.file	"_new_delete.cpp"
   2              		.option pic
   3              		.option norelax
   4              		.text
   5              	.Ltext0:
   6              		.align	2
   7              		.globl	_Znwm
   9              	_Znwm:
  10              	.LFB33:
  11              		.file 1 "src/_new_delete.cpp"
   1:src/_new_delete.cpp **** 
   2:src/_new_delete.cpp **** #include "../h/syscall_cpp.hpp"
   3:src/_new_delete.cpp **** 
   4:src/_new_delete.cpp **** using size_t = decltype(sizeof(0));
   5:src/_new_delete.cpp **** 
   6:src/_new_delete.cpp **** void *operator new(size_t n)
   7:src/_new_delete.cpp **** {
  12              		.loc 1 7 1
  13              		.cfi_startproc
  14              	.LVL0:
  15 0000 130101FF 		addi	sp,sp,-16
  16              		.cfi_def_cfa_offset 16
  17 0004 23341100 		sd	ra,8(sp)
  18 0008 23308100 		sd	s0,0(sp)
  19              		.cfi_offset 1, -8
  20              		.cfi_offset 8, -16
  21 000c 13040101 		addi	s0,sp,16
  22              		.cfi_def_cfa 8, 0
   8:src/_new_delete.cpp ****     return MemoryAllocator::mem_alloc(n);
  23              		.loc 1 8 5
  24              		.loc 1 8 38 is_stmt 0
  25 0010 97000000 		call	_ZN15MemoryAllocator9mem_allocEm@plt
  25      E7800000 
  26              	.LVL1:
   9:src/_new_delete.cpp **** }
  27              		.loc 1 9 1
  28 0018 83308100 		ld	ra,8(sp)
  29              		.cfi_restore 1
  30 001c 03340100 		ld	s0,0(sp)
  31              		.cfi_restore 8
  32              		.cfi_def_cfa 2, 16
  33 0020 13010101 		addi	sp,sp,16
  34              		.cfi_def_cfa_offset 0
  35 0024 67800000 		jr	ra
  36              		.cfi_endproc
  37              	.LFE33:
  39              		.align	2
  40              		.globl	_Znam
  42              	_Znam:
  43              	.LFB34:
  10:src/_new_delete.cpp **** 
  11:src/_new_delete.cpp **** void *operator new[](size_t n)
  12:src/_new_delete.cpp **** {
  44              		.loc 1 12 1 is_stmt 1
  45              		.cfi_startproc
  46              	.LVL2:
  47 0028 130101FF 		addi	sp,sp,-16
GAS LISTING /tmp/cc7lYF01.s 			page 2


  48              		.cfi_def_cfa_offset 16
  49 002c 23341100 		sd	ra,8(sp)
  50 0030 23308100 		sd	s0,0(sp)
  51              		.cfi_offset 1, -8
  52              		.cfi_offset 8, -16
  53 0034 13040101 		addi	s0,sp,16
  54              		.cfi_def_cfa 8, 0
  13:src/_new_delete.cpp ****     return MemoryAllocator::mem_alloc(n);
  55              		.loc 1 13 5
  56              		.loc 1 13 38 is_stmt 0
  57 0038 97000000 		call	_ZN15MemoryAllocator9mem_allocEm@plt
  57      E7800000 
  58              	.LVL3:
  14:src/_new_delete.cpp **** }
  59              		.loc 1 14 1
  60 0040 83308100 		ld	ra,8(sp)
  61              		.cfi_restore 1
  62 0044 03340100 		ld	s0,0(sp)
  63              		.cfi_restore 8
  64              		.cfi_def_cfa 2, 16
  65 0048 13010101 		addi	sp,sp,16
  66              		.cfi_def_cfa_offset 0
  67 004c 67800000 		jr	ra
  68              		.cfi_endproc
  69              	.LFE34:
  71              		.align	2
  72              		.globl	_ZdlPv
  74              	_ZdlPv:
  75              	.LFB35:
  15:src/_new_delete.cpp **** 
  16:src/_new_delete.cpp **** void operator delete(void *p) noexcept
  17:src/_new_delete.cpp **** {
  76              		.loc 1 17 1 is_stmt 1
  77              		.cfi_startproc
  78              		.cfi_personality 0x9b,DW.ref.__gxx_personality_v0
  79              		.cfi_lsda 0x1b,.LLSDA35
  80              	.LVL4:
  81 0050 130101FF 		addi	sp,sp,-16
  82              		.cfi_def_cfa_offset 16
  83 0054 23341100 		sd	ra,8(sp)
  84 0058 23308100 		sd	s0,0(sp)
  85              		.cfi_offset 1, -8
  86              		.cfi_offset 8, -16
  87 005c 13040101 		addi	s0,sp,16
  88              		.cfi_def_cfa 8, 0
  18:src/_new_delete.cpp ****     MemoryAllocator::mem_free(p);
  89              		.loc 1 18 5
  90              		.loc 1 18 30 is_stmt 0
  91 0060 97000000 		call	_ZN15MemoryAllocator8mem_freeEPv@plt
  91      E7800000 
  92              	.LVL5:
  19:src/_new_delete.cpp **** }
  93              		.loc 1 19 1
  94 0068 83308100 		ld	ra,8(sp)
  95              		.cfi_restore 1
  96 006c 03340100 		ld	s0,0(sp)
  97              		.cfi_restore 8
GAS LISTING /tmp/cc7lYF01.s 			page 3


  98              		.cfi_def_cfa 2, 16
  99 0070 13010101 		addi	sp,sp,16
 100              		.cfi_def_cfa_offset 0
 101 0074 67800000 		jr	ra
 102              		.cfi_endproc
 103              	.LFE35:
 104              		.globl	__gxx_personality_v0
 105              		.section	.gcc_except_table,"a",@progbits
 106              	.LLSDA35:
 107 0000 FF       		.byte	0xff
 108 0001 FF       		.byte	0xff
 109 0002 03       		.byte	0x3
 110 0003 00       		.byte	0
 111              		.text
 113              		.align	2
 114              		.globl	_ZdaPv
 116              	_ZdaPv:
 117              	.LFB36:
  20:src/_new_delete.cpp **** 
  21:src/_new_delete.cpp **** void operator delete[](void *p) noexcept
  22:src/_new_delete.cpp **** {
 118              		.loc 1 22 1 is_stmt 1
 119              		.cfi_startproc
 120              		.cfi_personality 0x9b,DW.ref.__gxx_personality_v0
 121              		.cfi_lsda 0x1b,.LLSDA36
 122              	.LVL6:
 123 0078 130101FF 		addi	sp,sp,-16
 124              		.cfi_def_cfa_offset 16
 125 007c 23341100 		sd	ra,8(sp)
 126 0080 23308100 		sd	s0,0(sp)
 127              		.cfi_offset 1, -8
 128              		.cfi_offset 8, -16
 129 0084 13040101 		addi	s0,sp,16
 130              		.cfi_def_cfa 8, 0
  23:src/_new_delete.cpp ****     MemoryAllocator::mem_free(p);
 131              		.loc 1 23 5
 132              		.loc 1 23 30 is_stmt 0
 133 0088 97000000 		call	_ZN15MemoryAllocator8mem_freeEPv@plt
 133      E7800000 
 134              	.LVL7:
  24:src/_new_delete.cpp **** }...
 135              		.loc 1 24 1
 136 0090 83308100 		ld	ra,8(sp)
 137              		.cfi_restore 1
 138 0094 03340100 		ld	s0,0(sp)
 139              		.cfi_restore 8
 140              		.cfi_def_cfa 2, 16
 141 0098 13010101 		addi	sp,sp,16
 142              		.cfi_def_cfa_offset 0
 143 009c 67800000 		jr	ra
 144              		.cfi_endproc
 145              	.LFE36:
 146              		.section	.gcc_except_table
 147              	.LLSDA36:
 148 0004 FF       		.byte	0xff
 149 0005 FF       		.byte	0xff
 150 0006 03       		.byte	0x3
GAS LISTING /tmp/cc7lYF01.s 			page 4


 151 0007 00       		.byte	0
 152              		.text
 154              	.Letext0:
 155              		.file 2 "src/../h/../lib/hw.h"
 156              		.file 3 "src/../h/memoryAllocator.hpp"
 1080              		.align	3
 1083              	DW.ref.__gxx_personality_v0:
 1084 0000 00000000 		.dword	__gxx_personality_v0
 1084      00000000 
 1085              		.ident	"GCC: (Ubuntu 9.4.0-1ubuntu1~20.04) 9.4.0"
 1086              		.section	.note.GNU-stack,"",@progbits
GAS LISTING /tmp/cc7lYF01.s 			page 5


DEFINED SYMBOLS
                            *ABS*:0000000000000000 _new_delete.cpp
     /tmp/cc7lYF01.s:9      .text:0000000000000000 _Znwm
     /tmp/cc7lYF01.s:13     .text:0000000000000000 .L0 
     /tmp/cc7lYF01.s:15     .text:0000000000000000 .L0 
     /tmp/cc7lYF01.s:16     .text:0000000000000004 .L0 
     /tmp/cc7lYF01.s:19     .text:000000000000000c .L0 
     /tmp/cc7lYF01.s:20     .text:000000000000000c .L0 
     /tmp/cc7lYF01.s:22     .text:0000000000000010 .L0 
     /tmp/cc7lYF01.s:24     .text:0000000000000010 .L0 
     /tmp/cc7lYF01.s:25     .text:0000000000000010 .L0 
     /tmp/cc7lYF01.s:28     .text:0000000000000018 .L0 
     /tmp/cc7lYF01.s:29     .text:000000000000001c .L0 
     /tmp/cc7lYF01.s:31     .text:0000000000000020 .L0 
     /tmp/cc7lYF01.s:32     .text:0000000000000020 .L0 
     /tmp/cc7lYF01.s:34     .text:0000000000000024 .L0 
     /tmp/cc7lYF01.s:36     .text:0000000000000028 .L0 
     /tmp/cc7lYF01.s:42     .text:0000000000000028 _Znam
     /tmp/cc7lYF01.s:45     .text:0000000000000028 .L0 
     /tmp/cc7lYF01.s:47     .text:0000000000000028 .L0 
     /tmp/cc7lYF01.s:48     .text:000000000000002c .L0 
     /tmp/cc7lYF01.s:51     .text:0000000000000034 .L0 
     /tmp/cc7lYF01.s:52     .text:0000000000000034 .L0 
     /tmp/cc7lYF01.s:54     .text:0000000000000038 .L0 
     /tmp/cc7lYF01.s:56     .text:0000000000000038 .L0 
     /tmp/cc7lYF01.s:57     .text:0000000000000038 .L0 
     /tmp/cc7lYF01.s:60     .text:0000000000000040 .L0 
     /tmp/cc7lYF01.s:61     .text:0000000000000044 .L0 
     /tmp/cc7lYF01.s:63     .text:0000000000000048 .L0 
     /tmp/cc7lYF01.s:64     .text:0000000000000048 .L0 
     /tmp/cc7lYF01.s:66     .text:000000000000004c .L0 
     /tmp/cc7lYF01.s:68     .text:0000000000000050 .L0 
     /tmp/cc7lYF01.s:74     .text:0000000000000050 _ZdlPv
     /tmp/cc7lYF01.s:77     .text:0000000000000050 .L0 
     /tmp/cc7lYF01.s:1083   .data.rel.local.DW.ref.__gxx_personality_v0:0000000000000000 DW.ref.__gxx_personality_v0
     /tmp/cc7lYF01.s:81     .text:0000000000000050 .L0 
     /tmp/cc7lYF01.s:82     .text:0000000000000054 .L0 
     /tmp/cc7lYF01.s:85     .text:000000000000005c .L0 
     /tmp/cc7lYF01.s:86     .text:000000000000005c .L0 
     /tmp/cc7lYF01.s:88     .text:0000000000000060 .L0 
     /tmp/cc7lYF01.s:90     .text:0000000000000060 .L0 
     /tmp/cc7lYF01.s:91     .text:0000000000000060 .L0 
     /tmp/cc7lYF01.s:94     .text:0000000000000068 .L0 
     /tmp/cc7lYF01.s:95     .text:000000000000006c .L0 
     /tmp/cc7lYF01.s:97     .text:0000000000000070 .L0 
     /tmp/cc7lYF01.s:98     .text:0000000000000070 .L0 
     /tmp/cc7lYF01.s:100    .text:0000000000000074 .L0 
     /tmp/cc7lYF01.s:102    .text:0000000000000078 .L0 
     /tmp/cc7lYF01.s:116    .text:0000000000000078 _ZdaPv
     /tmp/cc7lYF01.s:119    .text:0000000000000078 .L0 
     /tmp/cc7lYF01.s:123    .text:0000000000000078 .L0 
     /tmp/cc7lYF01.s:124    .text:000000000000007c .L0 
     /tmp/cc7lYF01.s:127    .text:0000000000000084 .L0 
     /tmp/cc7lYF01.s:128    .text:0000000000000084 .L0 
     /tmp/cc7lYF01.s:130    .text:0000000000000088 .L0 
     /tmp/cc7lYF01.s:132    .text:0000000000000088 .L0 
     /tmp/cc7lYF01.s:133    .text:0000000000000088 .L0 
GAS LISTING /tmp/cc7lYF01.s 			page 6


     /tmp/cc7lYF01.s:136    .text:0000000000000090 .L0 
     /tmp/cc7lYF01.s:137    .text:0000000000000094 .L0 
     /tmp/cc7lYF01.s:139    .text:0000000000000098 .L0 
     /tmp/cc7lYF01.s:140    .text:0000000000000098 .L0 
     /tmp/cc7lYF01.s:142    .text:000000000000009c .L0 
     /tmp/cc7lYF01.s:144    .text:00000000000000a0 .L0 
     /tmp/cc7lYF01.s:157    .text:00000000000000a0 .L0 
     /tmp/cc7lYF01.s:511    .debug_abbrev:0000000000000000 .Ldebug_abbrev0
     /tmp/cc7lYF01.s:1059   .debug_str:0000000000000212 .LASF34
     /tmp/cc7lYF01.s:1031   .debug_str:0000000000000146 .LASF35
     /tmp/cc7lYF01.s:1017   .debug_str:00000000000000dd .LASF36
     /tmp/cc7lYF01.s:5      .text:0000000000000000 .Ltext0
     /tmp/cc7lYF01.s:154    .text:00000000000000a0 .Letext0
     /tmp/cc7lYF01.s:985    .debug_line:0000000000000000 .Ldebug_line0
     /tmp/cc7lYF01.s:1029   .debug_str:0000000000000139 .LASF0
     /tmp/cc7lYF01.s:1033   .debug_str:000000000000015a .LASF1
     /tmp/cc7lYF01.s:1025   .debug_str:0000000000000118 .LASF2
     /tmp/cc7lYF01.s:1015   .debug_str:00000000000000d6 .LASF4
     /tmp/cc7lYF01.s:1049   .debug_str:00000000000001c0 .LASF3
     /tmp/cc7lYF01.s:993    .debug_str:0000000000000024 .LASF5
     /tmp/cc7lYF01.s:1035   .debug_str:000000000000016d .LASF6
     /tmp/cc7lYF01.s:1027   .debug_str:0000000000000126 .LASF7
     /tmp/cc7lYF01.s:1065   .debug_str:0000000000000313 .LASF8
     /tmp/cc7lYF01.s:1013   .debug_str:00000000000000c8 .LASF9
     /tmp/cc7lYF01.s:1041   .debug_str:000000000000018b .LASF10
     /tmp/cc7lYF01.s:1061   .debug_str:00000000000002d6 .LASF11
     /tmp/cc7lYF01.s:995    .debug_str:000000000000002b .LASF12
     /tmp/cc7lYF01.s:989    .debug_str:000000000000000c .LASF13
     /tmp/cc7lYF01.s:999    .debug_str:0000000000000047 .LASF14
     /tmp/cc7lYF01.s:1045   .debug_str:00000000000001a3 .LASF15
     /tmp/cc7lYF01.s:1001   .debug_str:0000000000000053 .LASF16
     /tmp/cc7lYF01.s:997    .debug_str:000000000000003b .LASF37
     /tmp/cc7lYF01.s:1073   .debug_str:0000000000000341 .LASF17
     /tmp/cc7lYF01.s:1069   .debug_str:0000000000000330 .LASF18
     /tmp/cc7lYF01.s:1057   .debug_str:000000000000020d .LASF19
     /tmp/cc7lYF01.s:1021   .debug_str:0000000000000101 .LASF38
     /tmp/cc7lYF01.s:987    .debug_str:0000000000000000 .LASF20
     /tmp/cc7lYF01.s:1071   .debug_str:0000000000000335 .LASF21
     /tmp/cc7lYF01.s:991    .debug_str:000000000000001c .LASF39
     /tmp/cc7lYF01.s:1003   .debug_str:0000000000000069 .LASF40
     /tmp/cc7lYF01.s:1051   .debug_str:00000000000001d2 .LASF22
     /tmp/cc7lYF01.s:1055   .debug_str:00000000000001ec .LASF24
     /tmp/cc7lYF01.s:1043   .debug_str:000000000000019a .LASF23
     /tmp/cc7lYF01.s:1011   .debug_str:00000000000000a7 .LASF25
     /tmp/cc7lYF01.s:1005   .debug_str:0000000000000088 .LASF41
     /tmp/cc7lYF01.s:1063   .debug_str:00000000000002e5 .LASF42
     /tmp/cc7lYF01.s:1007   .debug_str:0000000000000092 .LASF26
     /tmp/cc7lYF01.s:1037   .debug_str:0000000000000180 .LASF27
     /tmp/cc7lYF01.s:1075   .debug_str:0000000000000346 .LASF28
     /tmp/cc7lYF01.s:1047   .debug_str:00000000000001b9 .LASF30
     /tmp/cc7lYF01.s:117    .text:0000000000000078 .LFB36
     /tmp/cc7lYF01.s:145    .text:00000000000000a0 .LFE36
     /tmp/cc7lYF01.s:916    .debug_loc:0000000000000000 .LLST3
     /tmp/cc7lYF01.s:134    .text:0000000000000090 .LVL7
     /tmp/cc7lYF01.s:1053   .debug_str:00000000000001dc .LASF29
     /tmp/cc7lYF01.s:1023   .debug_str:0000000000000111 .LASF31
     /tmp/cc7lYF01.s:75     .text:0000000000000050 .LFB35
GAS LISTING /tmp/cc7lYF01.s 			page 7


     /tmp/cc7lYF01.s:103    .text:0000000000000078 .LFE35
     /tmp/cc7lYF01.s:930    .debug_loc:0000000000000039 .LLST2
     /tmp/cc7lYF01.s:92     .text:0000000000000068 .LVL5
     /tmp/cc7lYF01.s:1009   .debug_str:0000000000000097 .LASF43
     /tmp/cc7lYF01.s:1039   .debug_str:0000000000000185 .LASF44
     /tmp/cc7lYF01.s:43     .text:0000000000000028 .LFB34
     /tmp/cc7lYF01.s:69     .text:0000000000000050 .LFE34
     /tmp/cc7lYF01.s:944    .debug_loc:0000000000000072 .LLST1
     /tmp/cc7lYF01.s:58     .text:0000000000000040 .LVL3
     /tmp/cc7lYF01.s:1067   .debug_str:0000000000000323 .LASF32
     /tmp/cc7lYF01.s:1019   .debug_str:00000000000000fb .LASF33
     /tmp/cc7lYF01.s:10     .text:0000000000000000 .LFB33
     /tmp/cc7lYF01.s:37     .text:0000000000000028 .LFE33
     /tmp/cc7lYF01.s:958    .debug_loc:00000000000000ab .LLST0
     /tmp/cc7lYF01.s:26     .text:0000000000000018 .LVL1
     /tmp/cc7lYF01.s:122    .text:0000000000000078 .LVL6
     /tmp/cc7lYF01.s:80     .text:0000000000000050 .LVL4
     /tmp/cc7lYF01.s:46     .text:0000000000000028 .LVL2
     /tmp/cc7lYF01.s:14     .text:0000000000000000 .LVL0
     /tmp/cc7lYF01.s:158    .debug_info:0000000000000000 .Ldebug_info0
     /tmp/cc7lYF01.s:106    .gcc_except_table:0000000000000000 .LLSDA35
     /tmp/cc7lYF01.s:147    .gcc_except_table:0000000000000004 .LLSDA36

UNDEFINED SYMBOLS
_ZN15MemoryAllocator9mem_allocEm
_ZN15MemoryAllocator8mem_freeEPv
__gxx_personality_v0
